2022-07-06 15:00:51,215 [1] INFO Semana_5.Program - Logueado.
2022-07-06 15:00:51,311 [1] ERROR Semana_5.Program - A ocurrido un error
2022-07-06 15:00:51,313 [1] DEBUG Semana_5.Program - Depuracion
2022-07-06 15:00:51,317 [1] FATAL Semana_5.Program - Error Fatal
2022-07-06 15:09:05,280 [1] INFO Semana_5.Program - Logueado.
2022-07-06 15:09:05,403 [1] ERROR Semana_5.Program - A ocurrido un error
2022-07-06 15:09:05,405 [1] DEBUG Semana_5.Program - Depuracion
2022-07-06 15:09:05,407 [1] FATAL Semana_5.Program - Error Fatal
2022-07-06 15:10:13,302 [1] INFO Semana_5.Program - Logueado.
2022-07-06 15:10:13,368 [1] ERROR Semana_5.Program - A ocurrido un error
2022-07-06 15:10:13,369 [1] DEBUG Semana_5.Program - Depuracion
2022-07-06 15:10:13,372 [1] FATAL Semana_5.Program - Error Fatal
2022-07-06 15:12:17,376 [1] INFO Semana_5.Program - Logueado.
2022-07-06 15:12:17,459 [1] ERROR Semana_5.Program - A ocurrido un error
2022-07-06 15:12:17,468 [1] DEBUG Semana_5.Program - Depuracion
2022-07-06 15:12:17,473 [1] FATAL Semana_5.Program - Error Fatal
2022-07-06 15:13:03,386 [1] INFO Semana_5.Program - Logueado.
2022-07-06 15:13:03,680 [1] ERROR Semana_5.Program - A ocurrido un error
2022-07-06 15:13:03,700 [1] DEBUG Semana_5.Program - Depuracion
2022-07-06 15:13:03,719 [1] FATAL Semana_5.Program - Error Fatal
2022-07-06 15:13:23,626 [1] INFO Semana_5.Program - Logueado.
2022-07-06 15:13:23,982 [1] ERROR Semana_5.Program - A ocurrido un error
2022-07-06 15:13:24,028 [1] DEBUG Semana_5.Program - Depuracion
2022-07-06 15:13:24,039 [1] FATAL Semana_5.Program - Error Fatal
2022-07-06 15:15:10,485 [1] INFO Semana_5.Program - Logueado.
2022-07-06 15:15:10,710 [1] ERROR Semana_5.Program - A ocurrido un error
2022-07-06 15:15:10,716 [1] DEBUG Semana_5.Program - Depuracion
2022-07-06 15:15:10,718 [1] FATAL Semana_5.Program - Error Fatal
2022-07-06 15:33:54,912 [1] INFO Semana_5.Program - Logueado.
2022-07-06 15:33:55,141 [1] ERROR Semana_5.Program - A ocurrido un error
2022-07-06 15:33:55,145 [1] DEBUG Semana_5.Program - Depuracion
2022-07-06 15:33:55,147 [1] FATAL Semana_5.Program - Error Fatal
2022-07-06 15:37:07,047 [1] INFO Semana_5.Program - Logueado.
2022-07-06 15:37:07,145 [1] ERROR Semana_5.Program - A ocurrido un error
2022-07-06 15:37:07,146 [1] DEBUG Semana_5.Program - Depuracion
2022-07-06 15:37:07,148 [1] FATAL Semana_5.Program - Error Fatal
2022-07-06 15:39:12,454 [1] INFO Semana_5.Program - Logueado.
2022-07-06 15:39:12,543 [1] ERROR Semana_5.Program - A ocurrido un error
2022-07-06 15:39:12,546 [1] DEBUG Semana_5.Program - Depuracion
2022-07-06 15:39:12,547 [1] FATAL Semana_5.Program - Error Fatal
2022-07-06 15:39:57,724 [1] INFO Semana_5.Program - Logueado.
2022-07-06 15:39:58,822 [1] ERROR Semana_5.Program - A ocurrido un error
2022-07-06 15:39:58,989 [1] DEBUG Semana_5.Program - Depuracion
2022-07-06 15:39:59,152 [1] FATAL Semana_5.Program - Error Fatal
2022-07-06 15:41:58,673 [1] INFO Semana_5.Program - Logueado.
2022-07-06 15:41:58,750 [1] ERROR Semana_5.Program - A ocurrido un error
2022-07-06 15:41:58,752 [1] DEBUG Semana_5.Program - Depuracion
2022-07-06 15:41:58,754 [1] FATAL Semana_5.Program - Error Fatal
2022-07-06 15:53:29,443 [1] INFO Semana_5.Program - Logueado.
2022-07-06 15:53:29,630 [1] ERROR Semana_5.Program - A ocurrido un error
2022-07-06 15:53:29,635 [1] DEBUG Semana_5.Program - Depuracion
2022-07-06 15:53:29,644 [1] FATAL Semana_5.Program - Error Fatal
2022-07-06 16:04:34,350 [1] INFO Semana_5.Program - Logueado.
2022-07-06 16:04:34,518 [1] ERROR Semana_5.Program - A ocurrido un error
2022-07-06 16:04:34,521 [1] DEBUG Semana_5.Program - Depuracion
2022-07-06 16:04:34,522 [1] FATAL Semana_5.Program - Error Fatal
2022-07-06 16:28:46,488 [1] INFO Semana_5.Program - Se ha registrado la persona oliver
2022-07-06 16:28:46,654 [1] ERROR Semana_5.Program - A ocurrido un error
2022-07-06 16:28:46,671 [1] DEBUG Semana_5.Program - Depuracion
2022-07-06 16:28:46,679 [1] FATAL Semana_5.Program - Error Fatal
2022-07-06 16:41:51,800 [1] INFO Semana_5.Program - Se ha registrado la persona Luisandry
2022-07-06 16:41:51,877 [1] ERROR Semana_5.Program - A ocurrido un error
2022-07-06 16:41:51,879 [1] DEBUG Semana_5.Program - Depuracion
2022-07-06 16:41:51,880 [1] FATAL Semana_5.Program - Error Fatal
2022-07-06 16:43:25,101 [1] INFO Semana_5.Program - Se ha registrado la persona Nikita
2022-07-06 16:43:25,207 [1] ERROR Semana_5.Program - A ocurrido un error
2022-07-06 16:43:25,208 [1] DEBUG Semana_5.Program - Depuracion
2022-07-06 16:43:25,210 [1] FATAL Semana_5.Program - Error Fatal
2022-07-06 16:43:56,766 [1] INFO Semana_5.Program - Se ha registrado la persona Steven
2022-07-06 16:43:56,769 [1] ERROR Semana_5.Program - A ocurrido un error
2022-07-06 16:43:56,770 [1] DEBUG Semana_5.Program - Depuracion
2022-07-06 16:43:56,771 [1] FATAL Semana_5.Program - Error Fatal
2022-07-06 16:45:46,599 [1] INFO Semana_5.Program - Se ha registrado la persona Omar Perez
2022-07-06 16:45:46,685 [1] ERROR Semana_5.Program - A ocurrido un error
2022-07-06 16:45:46,687 [1] DEBUG Semana_5.Program - Depuracion
2022-07-06 16:45:46,689 [1] FATAL Semana_5.Program - Error Fatal
2022-07-06 16:52:22,852 [1] INFO Semana_5.Program - Se ha registrado la persona Amelia Cruz
2022-07-06 16:53:50,809 [1] INFO Semana_5.Program - Se ha registrado la persona Yandro delgado
2022-07-06 18:20:15,613 [1] INFO Semana_5.Program - Se ha registrado la persona Laura Perez
2022-07-06 18:21:28,887 [1] INFO Semana_5.Program - Se ha registrado la persona Luz Infante
